14:13:49.003 [main] INFO  testCases.TC002_Emaillogin - Starting email login test
11:26:30.081 [main] INFO  testCases.TC002_Emaillogin - Starting email login test
11:35:29.689 [main] INFO  testCases.TC002_Emaillogin - Starting email login test
16:21:16.662 [main] INFO  testCases.TC005_TopTabsClick - Selected a language
16:21:32.773 [main] INFO  testCases.TC005_TopTabsClick - Clicked on save button
16:21:35.055 [main] INFO  testCases.TC005_TopTabsClick - Clicked on trailer button
16:21:37.068 [main] INFO  testCases.TC005_TopTabsClick - Top tabs click test completed
16:24:01.334 [main] INFO  testCases.TC005_TopTabsClick - Selected a language
16:24:03.910 [main] INFO  testCases.TC005_TopTabsClick - Clicked on save button
16:24:08.544 [main] INFO  testCases.TC005_TopTabsClick - Clicked on trailer button
16:24:10.556 [main] INFO  testCases.TC005_TopTabsClick - Top tabs click test completed
16:44:01.750 [main] INFO  testCases.TC005_TopTabsClick - Selected a language
16:44:17.023 [main] INFO  testCases.TC005_TopTabsClick - Clicked on save button
16:44:26.588 [main] INFO  testCases.TC005_TopTabsClick - Clicked on trailer button
16:44:28.589 [main] INFO  testCases.TC005_TopTabsClick - Top tabs click test completed
17:16:29.351 [main] INFO  testCases.TC006_BottomTabs - Clicked on Instagram icon
17:16:31.474 [main] INFO  testCases.TC006_BottomTabs - Clicked on Facebook icon
17:16:33.600 [main] INFO  testCases.TC006_BottomTabs - Clicked on Playstore icon
17:16:35.614 [main] INFO  testCases.TC006_BottomTabs - Bottom tabs click test completed
18:18:50.899 [main] INFO  testCases.TC007_SearchPage - URL is opened
18:18:53.265 [main] INFO  testCases.TC007_SearchPage - Search icon is displayed
18:18:53.301 [main] INFO  testCases.TC007_SearchPage - Trending search text is displayed
18:18:53.333 [main] INFO  testCases.TC007_SearchPage - Trending search text is matched
18:18:53.359 [main] INFO  testCases.TC007_SearchPage - Search field is enabled
18:18:53.391 [main] INFO  testCases.TC007_SearchPage - Cancel button is displayed
18:18:53.618 [main] ERROR testCases.TC007_SearchPage - 5 trending search results are not displayed
18:21:46.263 [main] INFO  testCases.TC007_SearchPage - URL is opened
18:21:48.499 [main] INFO  testCases.TC007_SearchPage - Search icon is displayed
18:21:48.520 [main] INFO  testCases.TC007_SearchPage - Trending search text is displayed
18:21:48.555 [main] INFO  testCases.TC007_SearchPage - Trending search text is matched
18:21:48.591 [main] INFO  testCases.TC007_SearchPage - Search field is enabled
18:21:48.615 [main] INFO  testCases.TC007_SearchPage - Cancel button is displayed
18:21:48.904 [main] ERROR testCases.TC007_SearchPage - 5 trending search results are not displayed
18:22:34.936 [main] INFO  testCases.TC007_SearchPage - URL is opened
18:22:37.202 [main] INFO  testCases.TC007_SearchPage - Search icon is displayed
18:22:37.249 [main] INFO  testCases.TC007_SearchPage - Trending search text is displayed
18:22:37.279 [main] INFO  testCases.TC007_SearchPage - Trending search text is matched
18:22:37.307 [main] INFO  testCases.TC007_SearchPage - Search field is enabled
18:22:37.337 [main] INFO  testCases.TC007_SearchPage - Cancel button is displayed
18:25:34.507 [main] INFO  testCases.TC007_SearchPage - URL is opened
18:25:36.795 [main] INFO  testCases.TC007_SearchPage - Search icon is displayed
18:25:36.839 [main] INFO  testCases.TC007_SearchPage - Trending search text is displayed
18:25:36.875 [main] INFO  testCases.TC007_SearchPage - Trending search text is matched
18:25:36.916 [main] INFO  testCases.TC007_SearchPage - Search field is enabled
18:25:36.960 [main] INFO  testCases.TC007_SearchPage - Cancel button is displayed
18:26:15.790 [main] INFO  testCases.TC007_SearchPage - URL is opened
18:26:18.115 [main] INFO  testCases.TC007_SearchPage - Search icon is displayed
18:26:18.168 [main] INFO  testCases.TC007_SearchPage - Trending search text is displayed
18:26:18.226 [main] INFO  testCases.TC007_SearchPage - Trending search text is matched
18:26:18.288 [main] INFO  testCases.TC007_SearchPage - Search field is enabled
18:26:18.346 [main] INFO  testCases.TC007_SearchPage - Cancel button is displayed
18:28:38.100 [main] INFO  testCases.TC007_SearchPage - URL is opened
18:28:40.460 [main] INFO  testCases.TC007_SearchPage - Search icon is displayed
18:28:40.500 [main] INFO  testCases.TC007_SearchPage - Trending search text is displayed
18:28:40.527 [main] INFO  testCases.TC007_SearchPage - Trending search text is matched
18:28:40.574 [main] INFO  testCases.TC007_SearchPage - Search field is enabled
18:28:40.603 [main] INFO  testCases.TC007_SearchPage - Cancel button is displayed
18:33:14.407 [main] INFO  testCases.TC007_SearchPage - URL is opened
18:33:16.703 [main] INFO  testCases.TC007_SearchPage - Search icon is displayed
18:33:16.740 [main] INFO  testCases.TC007_SearchPage - Trending search text is displayed
18:33:16.787 [main] INFO  testCases.TC007_SearchPage - Trending search text is matched
