16:54:35.209 [main] INFO  testCases.TC007_SearchPage - Search field is enabled
16:54:35.244 [main] INFO  testCases.TC007_SearchPage - Cancel button is displayed
16:54:48.046 [main] INFO  testCases.TC008_ContentDetailsPage - URL is opened
16:54:50.158 [main] INFO  testCases.TC008_ContentDetailsPage - Content details page test is passed
16:54:53.285 [main] INFO  testCases.TC008_ContentDetailsPage - Watch now button test is passed
16:54:56.386 [main] INFO  testCases.TC008_ContentDetailsPage - Cancel button test is passed
16:54:56.597 [main] INFO  testCases.TC008_ContentDetailsPage - Add to list button test is passed
16:55:08.745 [main] INFO  testCases.TC008_ContentDetailsPage - Share and like button test is passed
16:55:10.956 [main] INFO  testCases.TC008_ContentDetailsPage - Like and trailer button test is passed
16:55:13.054 [main] INFO  testCases.TC008_ContentDetailsPage - Recommended text test is passed
16:55:15.218 [main] INFO  testCases.TC008_ContentDetailsPage - Next button test is passed
16:55:17.357 [main] INFO  testCases.TC008_ContentDetailsPage - Previous button test is passed
16:55:25.903 [main] INFO  testCases.TC008_ContentDetailsPage - See all button test is passed
23:03:26.083 [main] INFO  testCases.TC002_Emaillogin - Starting email login test
23:04:13.561 [main] INFO  testCases.TC005_TopTabsClick - Selected a language
23:04:31.586 [main] INFO  testCases.TC005_TopTabsClick - Clicked on save button
23:04:41.226 [main] INFO  testCases.TC005_TopTabsClick - Clicked on trailer button
23:04:43.235 [main] INFO  testCases.TC005_TopTabsClick - Top tabs click test completed
23:05:20.795 [main] INFO  testCases.TC006_BottomTabs - Clicked on Instagram icon
23:05:22.932 [main] INFO  testCases.TC006_BottomTabs - Clicked on Facebook icon
23:05:25.102 [main] INFO  testCases.TC006_BottomTabs - Clicked on Playstore icon
23:05:27.107 [main] INFO  testCases.TC006_BottomTabs - Bottom tabs click test completed
23:05:39.153 [main] INFO  testCases.TC007_SearchPage - URL is opened
23:05:41.289 [main] INFO  testCases.TC007_SearchPage - Search icon is displayed
23:05:41.315 [main] INFO  testCases.TC007_SearchPage - Trending search text is displayed
23:05:41.342 [main] INFO  testCases.TC007_SearchPage - Trending search text is matched
23:05:41.364 [main] INFO  testCases.TC007_SearchPage - Search field is enabled
23:05:41.385 [main] INFO  testCases.TC007_SearchPage - Cancel button is displayed
23:05:53.129 [main] INFO  testCases.TC008_ContentDetailsPage - URL is opened
23:05:55.265 [main] INFO  testCases.TC008_ContentDetailsPage - Content details page test is passed
23:05:58.414 [main] INFO  testCases.TC008_ContentDetailsPage - Watch now button test is passed
23:06:01.501 [main] INFO  testCases.TC008_ContentDetailsPage - Cancel button test is passed
23:06:01.683 [main] INFO  testCases.TC008_ContentDetailsPage - Add to list button test is passed
23:06:13.842 [main] INFO  testCases.TC008_ContentDetailsPage - Share and like button test is passed
23:06:16.035 [main] INFO  testCases.TC008_ContentDetailsPage - Like and trailer button test is passed
23:06:18.081 [main] INFO  testCases.TC008_ContentDetailsPage - Recommended text test is passed
23:06:20.224 [main] INFO  testCases.TC008_ContentDetailsPage - Next button test is passed
23:06:22.324 [main] INFO  testCases.TC008_ContentDetailsPage - Previous button test is passed
23:06:30.843 [main] INFO  testCases.TC008_ContentDetailsPage - See all button test is passed
11:59:38.061 [main] INFO  testCases.TC010_RegistrationPage - URL is opened
13:31:50.220 [main] INFO  testCases.TC010_RegistrationPage - URL is opened
15:45:35.953 [main] INFO  testCases.TC010_RegistrationPage - URL is opened
15:45:36.502 [main] INFO  testCases.TC010_RegistrationPage - Clicked on Register button and entered phone number, password and confirm password
15:45:41.867 [main] INFO  testCases.TC010_RegistrationPage - Entered OTP and clicked on Verify button
15:45:47.491 [main] INFO  testCases.TC010_RegistrationPage - Registration Test Failed
13:28:34.410 [main] INFO  testCases.TC014_MyList - My List has items.
13:46:39.517 [main] INFO  testCases.TC014_MyList - My List already has items. Skipping further steps...
13:48:34.965 [main] INFO  testCases.TC014_MyList - My List has items.
13:51:27.468 [main] INFO  testCases.TC014_MyList - My List already has items. Skipping further steps...
14:19:05.347 [main] INFO  testCases.TC014_MyList - My List already has items. Skipping further steps...
11:29:51.809 [main] INFO  testCases.TC002_Emaillogin - Starting email login test
13:08:40.622 [main] INFO  testCases.TC002_Emaillogin - Starting email login test
